Start testing: Dec 18 17:44 CET
----------------------------------------------------------
Unable to find executable: test_epu
1/5 Testing: TestEPU
1/5 Test: TestEPU
Command: ""
Directory: /Users/jdm/libsemigroups/extern/HPCombi/build/tests
"TestEPU" start time: 
Output:
----------------------------------------------------------
<end of output>
Test time =   0.00 sec
----------------------------------------------------------
Test Passed.
"TestEPU" end time: Dec 18 17:44 CET
"TestEPU" time elapsed: 00:00:00
----------------------------------------------------------

Unable to find executable: test_perm16
2/5 Testing: TestPerm16
2/5 Test: TestPerm16
Command: ""
Directory: /Users/jdm/libsemigroups/extern/HPCombi/build/tests
"TestPerm16" start time: 
Output:
----------------------------------------------------------
<end of output>
Test time =   0.00 sec
----------------------------------------------------------
Test Passed.
"TestPerm16" end time: Dec 18 17:44 CET
"TestPerm16" time elapsed: 00:00:00
----------------------------------------------------------

Unable to find executable: test_perm_all
3/5 Testing: TestPermAll
3/5 Test: TestPermAll
Command: ""
Directory: /Users/jdm/libsemigroups/extern/HPCombi/build/tests
"TestPermAll" start time: 
Output:
----------------------------------------------------------
<end of output>
Test time =   0.00 sec
----------------------------------------------------------
Test Passed.
"TestPermAll" end time: Dec 18 17:44 CET
"TestPermAll" time elapsed: 00:00:00
----------------------------------------------------------

Unable to find executable: test_bmat8
4/5 Testing: TestBMat8
4/5 Test: TestBMat8
Command: ""
Directory: /Users/jdm/libsemigroups/extern/HPCombi/build/tests
"TestBMat8" start time: 
Output:
----------------------------------------------------------
<end of output>
Test time =   0.00 sec
----------------------------------------------------------
Test Passed.
"TestBMat8" end time: Dec 18 17:44 CET
"TestBMat8" time elapsed: 00:00:00
----------------------------------------------------------

5/5 Testing: TestMultIncl
5/5 Test: TestMultIncl
Command: "/Users/jdm/libsemigroups/extern/HPCombi/build/tests/test_mincl"
Directory: /Users/jdm/libsemigroups/extern/HPCombi/build/tests
"TestMultIncl" start time: Dec 18 17:44 CET
Output:
----------------------------------------------------------
Running 2 test cases...

[1;32;49m*** No errors detected
[0;39;49m
<end of output>
Test time =   0.01 sec
----------------------------------------------------------
Test Passed.
"TestMultIncl" end time: Dec 18 17:44 CET
"TestMultIncl" time elapsed: 00:00:00
----------------------------------------------------------

End testing: Dec 18 17:44 CET
